<?xml version="1.0" encoding="UTF-8"?>
<testsuite xmlns:xsi="http://www.w3.org/2001/XMLSchema-instance" xsi:noNamespaceSchemaLocation="https://maven.apache.org/surefire/maven-surefire-plugin/xsd/surefire-test-report-3.0.xsd" version="3.0" name="com.berkinozturk.event.controller.EventControllerTest" time="2.695" tests="5" errors="0" skipped="0" failures="0">
  <properties>
[...]
</properties>
  <testcase name="testDeleteEvent" classname="com.berkinozturk.event.controller.EventControllerTest" time="2.492"/>
  <testcase name="testUpdateEvent" classname="com.berkinozturk.event.controller.EventControllerTest" time="0.017"/>
  <testcase name="testFindAll" classname="com.berkinozturk.event.controller.EventControllerTest" time="0.031"/>
  <testcase name="testCreateEvent" classname="com.berkinozturk.event.controller.EventControllerTest" time="0.008"/>
  <testcase name="testFindById" classname="com.berkinozturk.event.controller.EventControllerTest" time="0.005"/>
</testsuite>